<?xml version="1.0" encoding="UTF-8"?>
<!-- Generated by org.testng.reporters.JUnitXMLReporter -->
<testsuite ignored="0" hostname="TG-DKTOP-0110" failures="2" tests="6" name="Test" time="1.166" errors="0" timestamp="2022-10-07T18:00:24 IST">
  <testcase classname="WebApplication.Day2" name="Add" time="0.015"/>
  <testcase classname="WebApplication.Day2" name="Adding" time="0.004"/>
  <testcase classname="WebApplication.Day2" name="Addition" time="0.003"/>
  <testcase classname="WebApplication.Day1" name="Miniing" time="1.015">
    <failure type="org.testng.internal.thread.ThreadTimeoutException" message="Method WebApplication.Day1.Miniing() didn&amp;apos;t finish within the time-out 1000">
      <![CDATA[org.testng.internal.thread.ThreadTimeoutException: Method WebApplication.Day1.Miniing() didn't finish within the time-out 1000
at java.base/java.util.ArrayList.forEach(ArrayList.java:1511)
... Removed 24 stack frames]]>
    </failure>
  </testcase> <!-- Miniing -->
  <testcase classname="WebApplication.Day1" name="Min" time="0.006">
    <failure type="java.lang.AssertionError" message="expected [true] but found [false]">
      <![CDATA[java.lang.AssertionError: expected [true] but found [false]
at WebApplication.Day1.Min(Day1.java:22)
at java.base/java.util.ArrayList.forEach(ArrayList.java:1511)
... Removed 31 stack frames]]>
    </failure>
  </testcase> <!-- Min -->
  <testcase classname="WebApplication.Day1" name="mius" time="0.0">
    <skipped/>
  </testcase> <!-- mius -->
</testsuite> <!-- Test -->
